<?xml version="1.0" encoding="UTF-8"?>
<testng-results ignored="0" total="1" passed="1" failed="0" skipped="0">
  <reporter-output>
  </reporter-output>
  <suite started-at="2020-04-14T19:53:11 CDT" name="Suite" finished-at="2020-04-14T19:53:22 CDT" duration-ms="11653">
    <groups>
    </groups>
    <test started-at="2020-04-14T19:53:11 CDT" name="Test" finished-at="2020-04-14T19:53:22 CDT" duration-ms="11653">
      <class name="webDriver.studyGroup.tests">
        <test-method is-config="true" signature="beforeClass()[pri:0, instance:webDriver.studyGroup.tests@45f45fa1]" started-at="2020-04-14T19:53:11 CDT" name="beforeClass" finished-at="2020-04-14T19:53:21 CDT" duration-ms="10506" status="PASS">
          <reporter-output>
          </reporter-output>
        </test-method> <!-- beforeClass -->
        <test-method signature="f()[pri:0, instance:webDriver.studyGroup.tests@45f45fa1]" started-at="2020-04-14T19:53:21 CDT" name="f" finished-at="2020-04-14T19:53:21 CDT" duration-ms="344" status="PASS">
          <reporter-output>
          </reporter-output>
        </test-method> <!-- f -->
        <test-method is-config="true" signature="teardown()[pri:0, instance:webDriver.studyGroup.tests@45f45fa1]" started-at="2020-04-14T19:53:21 CDT" name="teardown" finished-at="2020-04-14T19:53:22 CDT" duration-ms="764" status="PASS">
          <reporter-output>
          </reporter-output>
        </test-method> <!-- teardown -->
      </class> <!-- webDriver.studyGroup.tests -->
    </test> <!-- Test -->
  </suite> <!-- Suite -->
</testng-results>
